[themes.lucky-roo.com/berg-v3.4/html/home-bg-slider.html]
[backblue.gif]
[fade.gif]
[index.html]
[themes.lucky-roo.com/berg-v3.4/html/assets/css/bootstrap.min.css]
[themes.lucky-roo.com/berg-v3.4/html/assets/css/icons-mind.css]
[themes.lucky-roo.com/berg-v3.4/html/assets/css/font-awesome.min.css]
[themes.lucky-roo.com/berg-v3.4/html/assets/css/magnific-popup.css]
[themes.lucky-roo.com/berg-v3.4/html/assets/css/flexslider.css]
[themes.lucky-roo.com/berg-v3.4/html/assets/css/flickity.min.css]
[themes.lucky-roo.com/berg-v3.4/html/assets/css/theme.min.css]
[themes.lucky-roo.com/berg-v3.4/html/assets/css/style.css]
[themes.lucky-roo.com/berg-v3.4/html/assets/css/color_pink.css]
[themes.lucky-roo.com/berg-v3.4/html/assets/css/switch_style.css]
[themes.lucky-roo.com/berg-v3.4/html/assets/images/profile-picture-1.jpg]
[themes.lucky-roo.com/berg-v3.4/html/assets/images/project-image-1.jpg]
[themes.lucky-roo.com/berg-v3.4/html/assets/images/project-image-2.jpg]
[themes.lucky-roo.com/berg-v3.4/html/assets/images/project-image-3.jpg]
[themes.lucky-roo.com/berg-v3.4/html/assets/images/project-image-4.jpg]
[themes.lucky-roo.com/berg-v3.4/html/assets/images/project-image-5.jpg]
[themes.lucky-roo.com/berg-v3.4/html/assets/images/project-image-6.jpg]
[themes.lucky-roo.com/berg-v3.4/html/assets/images/project-image-7.jpg]
[themes.lucky-roo.com/berg-v3.4/html/assets/images/project-image-8.jpg]
[themes.lucky-roo.com/berg-v3.4/html/assets/images/profile-image-1.jpg]
[themes.lucky-roo.com/berg-v3.4/html/assets/images/profile-image-2.jpg]
[themes.lucky-roo.com/berg-v3.4/html/assets/images/profile-image-3.jpg]
[themes.lucky-roo.com/berg-v3.4/html/assets/images/profile-image-4.jpg]
[themes.lucky-roo.com/berg-v3.4/html/assets/images/profile-image-5.jpg]
[themes.lucky-roo.com/berg-v3.4/html/assets/js/popper.min.js]
[themes.lucky-roo.com/berg-v3.4/html/assets/js/pace.min.js]
[themes.lucky-roo.com/berg-v3.4/html/assets/js/jquery.min.js]
[themes.lucky-roo.com/berg-v3.4/html/assets/js/bootstrap.min.js]
[themes.lucky-roo.com/berg-v3.4/html/assets/js/jquery.sticky.js]
[themes.lucky-roo.com/berg-v3.4/html/assets/js/jquery.easing.min.js]
[themes.lucky-roo.com/berg-v3.4/html/assets/js/jquery.matchHeight.min.js]
[themes.lucky-roo.com/berg-v3.4/html/assets/js/jquery.inview.min.js]
[themes.lucky-roo.com/berg-v3.4/html/assets/js/jquery.countTo.js]
[themes.lucky-roo.com/berg-v3.4/html/assets/js/imagesloaded.pkgd.min.js]
[themes.lucky-roo.com/berg-v3.4/html/assets/js/jquery.magnific-popup.min.js]
[themes.lucky-roo.com/berg-v3.4/html/assets/js/jquery.flexslider.min.js]
[themes.lucky-roo.com/berg-v3.4/html/assets/js/jquery.validate.min.js]
[themes.lucky-roo.com/berg-v3.4/html/assets/js/flickity.pkgd.min.js]
[themes.lucky-roo.com/berg-v3.4/html/assets/js/theme.js]
[themes.lucky-roo.com/berg-v3.4/html/assets/js/switch_style.js]
[themes.lucky-roo.com/berg-v3.4/html/home-bg-slider.html]
[themes.lucky-roo.com/berg-v3.4/html/assets/css/bootstrap.min.css]
[themes.lucky-roo.com/berg-v3.4/html/assets/fonts/icons-mind/icomoonca27.eot]
[themes.lucky-roo.com/berg-v3.4/html/assets/fonts/icons-mind/icomoond41d.eot]
[themes.lucky-roo.com/berg-v3.4/html/assets/fonts/icons-mind/icomoonca27.woff]
[themes.lucky-roo.com/berg-v3.4/html/assets/fonts/icons-mind/icomoonca27.ttf]
[themes.lucky-roo.com/berg-v3.4/html/assets/css/icons-mind.css]
[themes.lucky-roo.com/berg-v3.4/html/assets/fonts/fontawesome-webfont3e6e.eot]
[themes.lucky-roo.com/berg-v3.4/html/assets/fonts/fontawesome-webfontd41d.eot]
[themes.lucky-roo.com/berg-v3.4/html/assets/fonts/fontawesome-webfont3e6e.woff]
[themes.lucky-roo.com/berg-v3.4/html/assets/fonts/fontawesome-webfont3e6e.ttf]
[themes.lucky-roo.com/berg-v3.4/html/assets/css/font-awesome.min.css]
[themes.lucky-roo.com/berg-v3.4/html/assets/css/magnific-popup.css]
[themes.lucky-roo.com/berg-v3.4/html/assets/css/flexslider.css]
[themes.lucky-roo.com/berg-v3.4/html/assets/css/flickity.min.css]
[themes.lucky-roo.com/berg-v3.4/html/assets/img/icon-zoom-out-white.png]
[themes.lucky-roo.com/berg-v3.4/html/assets/img/icon-arrow-right-white.png]
[themes.lucky-roo.com/berg-v3.4/html/assets/img/icon-arrow-left-white.png]
[themes.lucky-roo.com/berg-v3.4/html/assets/css/theme.min.css]
[themes.lucky-roo.com/berg-v3.4/html/assets/images/bg-home-1.jpg]
[themes.lucky-roo.com/berg-v3.4/html/assets/images/bg-home-parallax.jpg]
[themes.lucky-roo.com/berg-v3.4/html/assets/images/bg-home-2.jpg]
[themes.lucky-roo.com/berg-v3.4/html/assets/images/bg-home-3.jpg]
[themes.lucky-roo.com/berg-v3.4/html/assets/images/bg-strengths.jpg]
[themes.lucky-roo.com/berg-v3.4/html/assets/images/bg-references.jpg]
[themes.lucky-roo.com/berg-v3.4/html/assets/images/bg-milestones.jpg]
[themes.lucky-roo.com/berg-v3.4/html/assets/css/style.css]
[themes.lucky-roo.com/berg-v3.4/html/assets/css/color_pink.css]
[themes.lucky-roo.com/berg-v3.4/html/assets/css/switch_style.css]
[themes.lucky-roo.com/berg-v3.4/html/assets/fonts/icons-mind/icomoonca27.svg]
[themes.lucky-roo.com/berg-v3.4/html/assets/fonts/fontawesome-webfont3e6e.html]
[themes.lucky-roo.com/berg-v3.4/html/assets/fonts/fontawesome-webfont3e6e.svg]
[themes.lucky-roo.com/berg-v3.4/html/assets/fonts/flexslider-icon.html]
[themes.lucky-roo.com/berg-v3.4/html/assets/fonts/flexslider-icond41d.html]
[themes.lucky-roo.com/berg-v3.4/html/assets/fonts/flexslider-icon-2.html]
[themes.lucky-roo.com/berg-v3.4/html/assets/fonts/flexslider-icon-3.html]
[themes.lucky-roo.com/berg-v3.4/html/assets/fonts/flexslider-icon-4.html]
